<component name="libraryTable">
  <library name="junit:junit:4.11" type="repository">
    <properties maven-id="junit:junit:4.11" />
    <CLASSES>
      <root url="jar://$PROJECT_DIR$/lib/junit-4.11.jar!/" />
      <root url="jar://$PROJECT_DIR$/lib/hamcrest-core-1.3.jar!/" />
      <root url="jar://$USER_HOME$/Desktop/sqlite-jdbc-3.23.1.jar!/" />
    </CLASSES>
    <JAVADOC />
    <SOURCES />
  </library>
</component>